
################################################
  SESSION STARTED: 2026-02-25 11:52:34
################################################

========================================
  Time    : 2026-02-24 14:59:00
  O: 272.5900  H: 272.6800  L: 272.5306  C: 272.6330  Vol: 28089

  INDICATORS
  SMA(20)  :     0.0000
  EMA(20)  :     0.0000
  RSI(14)  :      50.00
  MACD     :     0.0000  Signal: 0.0000  Hist: 0.0000
  VWAP     :   272.6145
  ATR(14)  :     0.0000

  SIGNAL
  Score    :  +2 / 11
  Decision :  HOLD

  [WARMING UP — need 30+ candles for reliable signals]

========================================
  Time    : 2026-02-24 15:00:00
  O: 272.6500  H: 272.6700  L: 272.5300  C: 272.5800  Vol: 29128

  INDICATORS
  SMA(20)  :     0.0000
  EMA(20)  :     0.0000
  RSI(14)  :      50.00
  MACD     :     0.0000  Signal: 0.0000  Hist: 0.0000
  VWAP     :   272.6037
  ATR(14)  :     0.0000

  SIGNAL
  Score    :  +0 / 11
  Decision :  HOLD

  [WARMING UP — need 30+ candles for reliable signals]

========================================
  Time    : 2026-02-24 15:01:00
  O: 272.6200  H: 272.6700  L: 272.5900  C: 272.6150  Vol: 19103

  INDICATORS
  SMA(20)  :     0.0000
  EMA(20)  :     0.0000
  RSI(14)  :      50.00
  MACD     :     0.0000  Signal: 0.0000  Hist: 0.0000
  VWAP     :   272.6091
  ATR(14)  :     0.0000

  SIGNAL
  Score    :  +2 / 11
  Decision :  HOLD

  [WARMING UP — need 30+ candles for reliable signals]

========================================
  Time    : 2026-02-24 15:02:00
  O: 272.6100  H: 272.6500  L: 272.5500  C: 272.6100  Vol: 22031

  INDICATORS
  SMA(20)  :     0.0000
  EMA(20)  :     0.0000
  RSI(14)  :      50.00
  MACD     :     0.0000  Signal: 0.0000  Hist: 0.0000
  VWAP     :   272.6078
  ATR(14)  :     0.0000

  SIGNAL
  Score    :  +2 / 11
  Decision :  HOLD

  [WARMING UP — need 30+ candles for reliable signals]

========================================
  Time    : 2026-02-24 15:03:00
  O: 272.6100  H: 272.6200  L: 272.5400  C: 272.5400  Vol: 21971

  INDICATORS
  SMA(20)  :     0.0000
  EMA(20)  :     0.0000
  RSI(14)  :      50.00
  MACD     :     0.0000  Signal: 0.0000  Hist: 0.0000
  VWAP     :   272.6003
  ATR(14)  :     0.0000

  SIGNAL
  Score    :  +0 / 11
  Decision :  HOLD

  [WARMING UP — need 30+ candles for reliable signals]

========================================
  Time    : 2026-02-24 15:04:00
  O: 272.5400  H: 272.5400  L: 272.3600  C: 272.3750  Vol: 42465

  INDICATORS
  SMA(20)  :     0.0000
  EMA(20)  :     0.0000
  RSI(14)  :      50.00
  MACD     :     0.0000  Signal: 0.0000  Hist: 0.0000
  VWAP     :   272.5545
  ATR(14)  :     0.0000

  SIGNAL
  Score    :  +0 / 11
  Decision :  HOLD

  [WARMING UP — need 30+ candles for reliable signals]

========================================
  Time    : 2026-02-24 15:05:00
  O: 272.3750  H: 272.4600  L: 272.1700  C: 272.1700  Vol: 38889

  INDICATORS
  SMA(20)  :     0.0000
  EMA(20)  :     0.0000
  RSI(14)  :      50.00
  MACD     :     0.0000  Signal: 0.0000  Hist: 0.0000
  VWAP     :   272.4990
  ATR(14)  :     0.0000

  SIGNAL
  Score    :  +0 / 11
  Decision :  HOLD

  [WARMING UP — need 30+ candles for reliable signals]

========================================
  Time    : 2026-02-24 15:06:00
  O: 272.1700  H: 272.2400  L: 272.0400  C: 272.1300  Vol: 35286

  INDICATORS
  SMA(20)  :     0.0000
  EMA(20)  :     0.0000
  RSI(14)  :      50.00
  MACD     :     0.0000  Signal: 0.0000  Hist: 0.0000
  VWAP     :   272.4451
  ATR(14)  :     0.0000

  SIGNAL
  Score    :  +0 / 11
  Decision :  HOLD

  [WARMING UP — need 30+ candles for reliable signals]

========================================
  Time    : 2026-02-24 15:07:00
  O: 272.0800  H: 272.1000  L: 272.0200  C: 272.0500  Vol: 23846

  INDICATORS
  SMA(20)  :     0.0000
  EMA(20)  :     0.0000
  RSI(14)  :      50.00
  MACD     :     0.0000  Signal: 0.0000  Hist: 0.0000
  VWAP     :   272.4096
  ATR(14)  :     0.0000

  SIGNAL
  Score    :  +0 / 11
  Decision :  HOLD

  [WARMING UP — need 30+ candles for reliable signals]

========================================
  Time    : 2026-02-24 15:08:00
  O: 272.0500  H: 272.0500  L: 271.8201  C: 271.8400  Vol: 39811

  INDICATORS
  SMA(20)  :     0.0000
  EMA(20)  :     0.0000
  RSI(14)  :      50.00
  MACD     :     0.0000  Signal: 0.0000  Hist: 0.0000
  VWAP     :   272.3425
  ATR(14)  :     0.0000

  SIGNAL
  Score    :  +0 / 11
  Decision :  HOLD

  [WARMING UP — need 30+ candles for reliable signals]

========================================
  Time    : 2026-02-24 15:09:00
  O: 271.8500  H: 271.9850  L: 271.8400  C: 271.9750  Vol: 49724

  INDICATORS
  SMA(20)  :     0.0000
  EMA(20)  :     0.0000
  RSI(14)  :      50.00
  MACD     :     0.0000  Signal: 0.0000  Hist: 0.0000
  VWAP     :   272.2845
  ATR(14)  :     0.0000

  SIGNAL
  Score    :  +0 / 11
  Decision :  HOLD

  [WARMING UP — need 30+ candles for reliable signals]

========================================
  Time    : 2026-02-24 15:10:00
  O: 271.9900  H: 272.0000  L: 271.7800  C: 271.7801  Vol: 31672

  INDICATORS
  SMA(20)  :     0.0000
  EMA(20)  :     0.0000
  RSI(14)  :      50.00
  MACD     :   272.2748  Signal: 272.2748  Hist: 0.0000
  VWAP     :   272.2487
  ATR(14)  :     0.0000

  SIGNAL
  Score    :  +0 / 11
  Decision :  HOLD

  [WARMING UP — need 30+ candles for reliable signals]

========================================
  Time    : 2026-02-24 15:11:00
  O: 271.8000  H: 271.8300  L: 271.7101  C: 271.8100  Vol: 22639

  INDICATORS
  SMA(20)  :     0.0000
  EMA(20)  :     0.0000
  RSI(14)  :      50.00
  MACD     :   272.2033  Signal: 272.2033  Hist: 0.0000
  VWAP     :   272.2227
  ATR(14)  :     0.0000

  SIGNAL
  Score    :  +0 / 11
  Decision :  HOLD

  [WARMING UP — need 30+ candles for reliable signals]

========================================
  Time    : 2026-02-24 15:12:00
  O: 271.8100  H: 271.8200  L: 271.6300  C: 271.6600  Vol: 31620

  INDICATORS
  SMA(20)  :     0.0000
  EMA(20)  :     0.0000
  RSI(14)  :      50.00
  MACD     :   272.1197  Signal: 272.1197  Hist: 0.0000
  VWAP     :   272.1850
  ATR(14)  :     0.0000

  SIGNAL
  Score    :  +0 / 11
  Decision :  HOLD

  [WARMING UP — need 30+ candles for reliable signals]

========================================
  Time    : 2026-02-24 15:13:00
  O: 271.6600  H: 271.7500  L: 271.5300  C: 271.5400  Vol: 36457

  INDICATORS
  SMA(20)  :     0.0000
  EMA(20)  :     0.0000
  RSI(14)  :      13.39  <- OVERSOLD
  MACD     :   272.0305  Signal: 272.0305  Hist: 0.0000
  VWAP     :   272.1404
  ATR(14)  :     0.1653

  SIGNAL
  Score    :  +3 / 11
  Decision :  BUY

  RISK MANAGEMENT
  Entry       : 271.5400
  Stop Loss   : 271.2920  (1.5x ATR below)
  Take Profit : 272.0360  (3.0x ATR above)
  Risk/Reward : 2.00x

  [WARMING UP — need 30+ candles for reliable signals]

========================================
  Time    : 2026-02-24 15:14:00
  O: 271.5450  H: 271.6700  L: 271.5400  C: 271.6600  Vol: 38606

  INDICATORS
  SMA(20)  :     0.0000
  EMA(20)  :     0.0000
  RSI(14)  :      20.51  <- OVERSOLD
  MACD     :   271.9735  Signal: 271.9735  Hist: 0.0000
  VWAP     :   272.1014
  ATR(14)  :     0.1646

  SIGNAL
  Score    :  +3 / 11
  Decision :  BUY

  RISK MANAGEMENT
  Entry       : 271.6600
  Stop Loss   : 271.4131  (1.5x ATR below)
  Take Profit : 272.1539  (3.0x ATR above)
  Risk/Reward : 2.00x

  [WARMING UP — need 30+ candles for reliable signals]

========================================
  Time    : 2026-02-24 15:15:00
  O: 271.6700  H: 271.8100  L: 271.6000  C: 271.6300  Vol: 42550

  INDICATORS
  SMA(20)  :     0.0000
  EMA(20)  :     0.0000
  RSI(14)  :      18.32  <- OVERSOLD
  MACD     :   271.9207  Signal: 271.9207  Hist: 0.0000
  VWAP     :   272.0690
  ATR(14)  :     0.1732

  SIGNAL
  Score    :  +3 / 11
  Decision :  BUY

  RISK MANAGEMENT
  Entry       : 271.6300
  Stop Loss   : 271.3702  (1.5x ATR below)
  Take Profit : 272.1496  (3.0x ATR above)
  Risk/Reward : 2.00x

  [WARMING UP — need 30+ candles for reliable signals]

========================================
  Time    : 2026-02-24 15:16:00
  O: 271.6000  H: 271.6700  L: 271.5295  C: 271.5535  Vol: 36186

  INDICATORS
  SMA(20)  :     0.0000
  EMA(20)  :     0.0000
  RSI(14)  :      17.52  <- OVERSOLD
  MACD     :   271.8642  Signal: 271.8642  Hist: 0.0000
  VWAP     :   272.0393
  ATR(14)  :     0.1761

  SIGNAL
  Score    :  +3 / 11
  Decision :  BUY

  RISK MANAGEMENT
  Entry       : 271.5535
  Stop Loss   : 271.2894  (1.5x ATR below)
  Take Profit : 272.0818  (3.0x ATR above)
  Risk/Reward : 2.00x

  [WARMING UP — need 30+ candles for reliable signals]

========================================
  Time    : 2026-02-24 15:17:00
  O: 271.5800  H: 271.5900  L: 271.3800  C: 271.4400  Vol: 48938

  INDICATORS
  SMA(20)  :     0.0000
  EMA(20)  :     0.0000
  RSI(14)  :      17.06  <- OVERSOLD
  MACD     :   271.7989  Signal: 271.7989  Hist: 0.0000
  VWAP     :   271.9957
  ATR(14)  :     0.1854

  SIGNAL
  Score    :  +3 / 11
  Decision :  BUY

  RISK MANAGEMENT
  Entry       : 271.4400
  Stop Loss   : 271.1619  (1.5x ATR below)
  Take Profit : 271.9961  (3.0x ATR above)
  Risk/Reward : 2.00x

  [WARMING UP — need 30+ candles for reliable signals]

========================================
  Time    : 2026-02-24 15:18:00
  O: 271.4360  H: 271.5711  L: 271.4300  C: 271.5711  Vol: 36604

  INDICATORS
  SMA(20)  :   272.0081
  EMA(20)  :   272.0081
  RSI(14)  :      25.43  <- OVERSOLD
  MACD     :   271.7639  Signal: 271.7639  Hist: 0.0000
  VWAP     :   271.9701
  ATR(14)  :     0.1826

  SIGNAL
  Score    :  +1 / 11
  Decision :  HOLD

  [WARMING UP — need 30+ candles for reliable signals]

========================================
  Time    : 2026-02-24 15:19:00
  O: 271.5602  H: 271.6600  L: 271.5200  C: 271.6600  Vol: 23414

  INDICATORS
  SMA(20)  :   271.9595
  EMA(20)  :   271.9750
  RSI(14)  :      33.22
  MACD     :   271.7479  Signal: 271.7479  Hist: 0.0000
  VWAP     :   271.9582
  ATR(14)  :     0.1719

  SIGNAL
  Score    :  +0 / 11
  Decision :  HOLD

  [WARMING UP — need 30+ candles for reliable signals]

========================================
  Time    : 2026-02-24 15:20:00
  O: 271.6550  H: 271.7050  L: 271.6000  C: 271.6050  Vol: 33414

  INDICATORS
  SMA(20)  :   271.9107
  EMA(20)  :   271.9397
  RSI(14)  :      32.90
  MACD     :   271.7259  Signal: 271.7259  Hist: 0.0000
  VWAP     :   271.9435
  ATR(14)  :     0.1651

  SIGNAL
  Score    :  +0 / 11
  Decision :  HOLD

  [WARMING UP — need 30+ candles for reliable signals]

========================================
  Time    : 2026-02-24 15:21:00
  O: 271.6000  H: 272.0400  L: 271.6000  C: 272.0000  Vol: 80900

  INDICATORS
  SMA(20)  :   271.8800
  EMA(20)  :   271.9455
  RSI(14)  :      48.65
  MACD     :   271.7681  Signal: 271.7681  Hist: 0.0000
  VWAP     :   271.9372
  ATR(14)  :     0.1887

  SIGNAL
  Score    :  +3 / 11
  Decision :  BUY

  RISK MANAGEMENT
  Entry       : 272.0000
  Stop Loss   : 271.7170  (1.5x ATR below)
  Take Profit : 272.5660  (3.0x ATR above)
  Risk/Reward : 2.00x

  [WARMING UP — need 30+ candles for reliable signals]

========================================
  Time    : 2026-02-24 15:22:00
  O: 271.9810  H: 272.0400  L: 271.9591  C: 271.9950  Vol: 63993

  INDICATORS
  SMA(20)  :   271.8492
  EMA(20)  :   271.9502
  RSI(14)  :      54.71
  MACD     :   271.8030  Signal: 271.8030  Hist: 0.0000
  VWAP     :   271.9416
  ATR(14)  :     0.1780

  SIGNAL
  Score    :  +3 / 11
  Decision :  BUY

  RISK MANAGEMENT
  Entry       : 271.9950
  Stop Loss   : 271.7280  (1.5x ATR below)
  Take Profit : 272.5291  (3.0x ATR above)
  Risk/Reward : 2.00x

  [WARMING UP — need 30+ candles for reliable signals]

========================================
  Time    : 2026-02-24 15:23:00
  O: 271.9900  H: 272.0450  L: 271.8400  C: 271.8400  Vol: 74207

  INDICATORS
  SMA(20)  :   271.8142
  EMA(20)  :   271.9397
  RSI(14)  :      45.95
  MACD     :   271.8091  Signal: 271.8091  Hist: 0.0000
  VWAP     :   271.9390
  ATR(14)  :     0.1823

  SIGNAL
  Score    :  +0 / 11
  Decision :  HOLD

  [WARMING UP — need 30+ candles for reliable signals]

========================================
  Time    : 2026-02-24 15:24:00
  O: 271.8465  H: 272.1400  L: 271.8465  C: 272.1000  Vol: 45969

  INDICATORS
  SMA(20)  :   271.8005
  EMA(20)  :   271.9550
  RSI(14)  :      59.25
  MACD     :    -0.1207  Signal: -0.1207  Hist: 0.0000
  VWAP     :   271.9432
  ATR(14)  :     0.1880

  SIGNAL
  Score    :  +3 / 11
  Decision :  BUY

  RISK MANAGEMENT
  Entry       : 272.1000
  Stop Loss   : 271.8180  (1.5x ATR below)
  Take Profit : 272.6641  (3.0x ATR above)
  Risk/Reward : 2.00x

  [WARMING UP — need 30+ candles for reliable signals]

========================================
  Time    : 2026-02-24 15:25:00
  O: 272.1000  H: 272.1000  L: 271.9175  C: 271.9250  Vol: 39552

  INDICATORS
  SMA(20)  :   271.7882
  EMA(20)  :   271.9521
  RSI(14)  :      53.07
  MACD     :    -0.1060  Signal: -0.1060  Hist: 0.0000
  VWAP     :   271.9446
  ATR(14)  :     0.1925

  SIGNAL
  Score    :  +0 / 11
  Decision :  HOLD

  [WARMING UP — need 30+ candles for reliable signals]

========================================
  Time    : 2026-02-24 15:26:00
  O: 271.9175  H: 271.9950  L: 271.8600  C: 271.9900  Vol: 38502

  INDICATORS
  SMA(20)  :   271.7812
  EMA(20)  :   271.9557
  RSI(14)  :      59.22
  MACD     :    -0.0910  Signal: -0.0910  Hist: 0.0000
  VWAP     :   271.9448
  ATR(14)  :     0.1886

  SIGNAL
  Score    :  +3 / 11
  Decision :  BUY

  RISK MANAGEMENT
  Entry       : 271.9900
  Stop Loss   : 271.7071  (1.5x ATR below)
  Take Profit : 272.5557  (3.0x ATR above)
  Risk/Reward : 2.00x

  [WARMING UP — need 30+ candles for reliable signals]

========================================
  Time    : 2026-02-24 15:27:00
  O: 271.9900  H: 272.2050  L: 271.9700  C: 272.1500  Vol: 47662

  INDICATORS
  SMA(20)  :   271.7862
  EMA(20)  :   271.9742
  RSI(14)  :      66.67
  MACD     :    -0.0662  Signal: -0.0662  Hist: 0.0000
  VWAP     :   271.9517
  ATR(14)  :     0.1896

  SIGNAL
  Score    :  +2 / 11
  Decision :  HOLD

  [WARMING UP — need 30+ candles for reliable signals]

========================================
  Time    : 2026-02-24 15:28:00
  O: 272.1600  H: 272.1600  L: 271.9510  C: 272.0600  Vol: 40669

  INDICATORS
  SMA(20)  :   271.7972
  EMA(20)  :   271.9824
  RSI(14)  :      61.11
  MACD     :    -0.0525  Signal: -0.0525  Hist: 0.0000
  VWAP     :   271.9554
  ATR(14)  :     0.1953

  SIGNAL
  Score    :  +2 / 11
  Decision :  HOLD

========================================
  Time    : 2026-02-24 15:29:00
  O: 272.0400  H: 272.1100  L: 271.8900  C: 271.9099  Vol: 35830

  INDICATORS
  SMA(20)  :   271.7940
  EMA(20)  :   271.9755
  RSI(14)  :      57.29
  MACD     :    -0.0514  Signal: -0.0514  Hist: 0.0000
  VWAP     :   271.9558
  ATR(14)  :     0.1960

  SIGNAL
  Score    :  +0 / 11
  Decision :  HOLD

========================================
  Time    : 2026-02-24 15:30:00
  O: 271.9100  H: 272.0400  L: 271.8700  C: 271.9400  Vol: 29088

  INDICATORS
  SMA(20)  :   271.8020
  EMA(20)  :   271.9721
  RSI(14)  :      60.31
  MACD     :    -0.0495  Signal: -0.0495  Hist: 0.0000
  VWAP     :   271.9557
  ATR(14)  :     0.1981

  SIGNAL
  Score    :  -1 / 11
  Decision :  HOLD

========================================
  Time    : 2026-02-24 15:31:00
  O: 271.9300  H: 271.9300  L: 271.7850  C: 271.8600  Vol: 35015

  INDICATORS
  SMA(20)  :   271.8045
  EMA(20)  :   271.9614
  RSI(14)  :      61.41
  MACD     :    -0.0550  Signal: -0.0550  Hist: 0.0000
  VWAP     :   271.9530
  ATR(14)  :     0.1942

  SIGNAL
  Score    :  -1 / 11
  Decision :  HOLD

========================================
  Time    : 2026-02-24 15:32:00
  O: 271.8600  H: 271.9700  L: 271.7600  C: 271.8600  Vol: 28595

  INDICATORS
  SMA(20)  :   271.8145
  EMA(20)  :   271.9518
  RSI(14)  :      58.45
  MACD     :    -0.0567  Signal: -0.0567  Hist: 0.0000
  VWAP     :   271.9510
  ATR(14)  :     0.1991

  SIGNAL
  Score    :  +0 / 11
  Decision :  HOLD

========================================
  Time    : 2026-02-24 15:33:00
  O: 271.8800  H: 271.9700  L: 271.8350  C: 271.8600  Vol: 32587

  INDICATORS
  SMA(20)  :   271.8305
  EMA(20)  :   271.9430
  RSI(14)  :      56.17
  MACD     :    -0.0632  Signal: -0.0666  Hist: 0.0034
  VWAP     :   271.9495
  ATR(14)  :     0.1987

  SIGNAL
  Score    :  +4 / 11
  Decision :  BUY

  RISK MANAGEMENT
  Entry       : 271.8600
  Stop Loss   : 271.5619  (1.5x ATR below)
  Take Profit : 272.4562  (3.0x ATR above)
  Risk/Reward : 2.00x

========================================
  Time    : 2026-02-24 15:34:00
  O: 271.8700  H: 272.0800  L: 271.8700  C: 271.9200  Vol: 43082

  INDICATORS
  SMA(20)  :   271.8435
  EMA(20)  :   271.9408
  RSI(14)  :      59.69
  MACD     :    -0.0610  Signal: -0.0634  Hist: 0.0024
  VWAP     :   271.9497
  ATR(14)  :     0.2070

  SIGNAL
  Score    :  +4 / 11
  Decision :  BUY

  RISK MANAGEMENT
  Entry       : 271.9200
  Stop Loss   : 271.6096  (1.5x ATR below)
  Take Profit : 272.5409  (3.0x ATR above)
  Risk/Reward : 2.00x

========================================
  Time    : 2026-02-24 15:35:00
  O: 271.9200  H: 272.0300  L: 271.9000  C: 271.9450  Vol: 33621

  INDICATORS
  SMA(20)  :   271.8592
  EMA(20)  :   271.9412
  RSI(14)  :      47.81
  MACD     :    -0.0554  Signal: -0.0585  Hist: 0.0031
  VWAP     :   271.9499
  ATR(14)  :     0.1848

  SIGNAL
  Score    :  +5 / 11
  Decision :  BUY

  RISK MANAGEMENT
  Entry       : 271.9450
  Stop Loss   : 271.6678  (1.5x ATR below)
  Take Profit : 272.4994  (3.0x ATR above)
  Risk/Reward : 2.00x

========================================
  Time    : 2026-02-24 15:36:00
  O: 271.9450  H: 271.9500  L: 271.8850  C: 271.9300  Vol: 16320

  INDICATORS
  SMA(20)  :   271.8781
  EMA(20)  :   271.9402
  RSI(14)  :      47.43
  MACD     :    -0.0525  Signal: -0.0555  Hist: 0.0029
  VWAP     :   271.9496
  ATR(14)  :     0.1837

  SIGNAL
  Score    :  +4 / 11
  Decision :  BUY

  RISK MANAGEMENT
  Entry       : 271.9300
  Stop Loss   : 271.6545  (1.5x ATR below)
  Take Profit : 272.4810  (3.0x ATR above)
  Risk/Reward : 2.00x

========================================
  Time    : 2026-02-24 15:37:00
  O: 271.9399  H: 271.9399  L: 271.7000  C: 271.7000  Vol: 27344

  INDICATORS
  SMA(20)  :   271.8911
  EMA(20)  :   271.9173
  RSI(14)  :      44.78
  MACD     :    -0.0645  Signal: -0.0571  Hist: -0.0074
  VWAP     :   271.9464
  ATR(14)  :     0.1862

  SIGNAL
  Score    :  -1 / 11
  Decision :  HOLD

========================================
  Time    : 2026-02-24 15:38:00
  O: 271.7300  H: 271.7400  L: 271.5600  C: 271.5800  Vol: 27242

  INDICATORS
  SMA(20)  :   271.8915
  EMA(20)  :   271.8852
  RSI(14)  :      28.34  <- OVERSOLD
  MACD     :    -0.0841  Signal: -0.0623  Hist: -0.0218
  VWAP     :   271.9404
  ATR(14)  :     0.1776

  SIGNAL
  Score    :  +1 / 11
  Decision :  HOLD

========================================
  Time    : 2026-02-24 15:39:00
  O: 271.5600  H: 271.5900  L: 271.4800  C: 271.5450  Vol: 34422

  INDICATORS
  SMA(20)  :   271.8857
  EMA(20)  :   271.8507
  RSI(14)  :      32.08
  MACD     :    -0.1019  Signal: -0.0709  Hist: -0.0310
  VWAP     :   271.9313
  ATR(14)  :     0.1724

  SIGNAL
  Score    :  -1 / 11
  Decision :  HOLD

========================================
  Time    : 2026-02-24 15:40:00
  O: 271.5400  H: 271.6700  L: 271.5100  C: 271.6650  Vol: 38824

  INDICATORS
  SMA(20)  :   271.8887
  EMA(20)  :   271.8310
  RSI(14)  :      35.43
  MACD     :    -0.1027  Signal: -0.0775  Hist: -0.0252
  VWAP     :   271.9233
  ATR(14)  :     0.1742

  SIGNAL
  Score    :  -1 / 11
  Decision :  HOLD

========================================
  Time    : 2026-02-24 15:41:00
  O: 271.6650  H: 271.8500  L: 271.6200  C: 271.7900  Vol: 43988

  INDICATORS
  SMA(20)  :   271.8782
  EMA(20)  :   271.8218
  RSI(14)  :      33.34
  MACD     :    -0.0886  Signal: -0.0806  Hist: -0.0080
  VWAP     :   271.9186
  ATR(14)  :     0.1739

  SIGNAL
  Score    :  -1 / 11
  Decision :  HOLD

========================================
  Time    : 2026-02-24 15:42:00
  O: 271.8100  H: 271.9300  L: 271.7550  C: 271.9300  Vol: 50485

  INDICATORS
  SMA(20)  :   271.8750
  EMA(20)  :   271.8264
  RSI(14)  :      44.25
  MACD     :    -0.0660  Signal: -0.0774  Hist: 0.0114
  VWAP     :   271.9172
  ATR(14)  :     0.1714

  SIGNAL
  Score    :  +6 / 11
  Decision :  BUY

  RISK MANAGEMENT
  Entry       : 271.9300
  Stop Loss   : 271.6729  (1.5x ATR below)
  Take Profit : 272.4443  (3.0x ATR above)
  Risk/Reward : 2.00x

========================================
  Time    : 2026-02-24 15:43:00
  O: 271.9200  H: 272.0500  L: 271.9100  C: 271.9899  Vol: 53108

  INDICATORS
  SMA(20)  :   271.8825
  EMA(20)  :   271.8374
  RSI(14)  :      53.85
  MACD     :    -0.0420  Signal: -0.0696  Hist: 0.0275
  VWAP     :   271.9192
  ATR(14)  :     0.1657

  SIGNAL
  Score    :  +6 / 11
  Decision :  BUY

  RISK MANAGEMENT
  Entry       : 271.9899
  Stop Loss   : 271.7413  (1.5x ATR below)
  Take Profit : 272.4870  (3.0x ATR above)
  Risk/Reward : 2.00x

========================================
  Time    : 2026-02-24 15:44:00
  O: 271.9900  H: 272.2000  L: 271.9255  C: 272.1250  Vol: 40937

  INDICATORS
  SMA(20)  :   271.8837
  EMA(20)  :   271.8593
  RSI(14)  :      58.08
  MACD     :    -0.0108  Signal: -0.0574  Hist: 0.0466
  VWAP     :   271.9231
  ATR(14)  :     0.1732

  SIGNAL
  Score    :  +6 / 11
  Decision :  BUY

  RISK MANAGEMENT
  Entry       : 272.1250
  Stop Loss   : 271.8652  (1.5x ATR below)
  Take Profit : 272.6445  (3.0x ATR above)
  Risk/Reward : 2.00x

========================================
  Time    : 2026-02-24 15:45:00
  O: 272.1100  H: 272.1673  L: 272.0600  C: 272.1600  Vol: 59076

  INDICATORS
  SMA(20)  :   271.8955
  EMA(20)  :   271.8846
  RSI(14)  :      63.64
  MACD     :     0.0129  Signal: -0.0450  Hist: 0.0579
  VWAP     :   271.9299
  ATR(14)  :     0.1698

  SIGNAL
  Score    :  +5 / 11
  Decision :  BUY

  RISK MANAGEMENT
  Entry       : 272.1600
  Stop Loss   : 271.9054  (1.5x ATR below)
  Take Profit : 272.6693  (3.0x ATR above)
  Risk/Reward : 2.00x

========================================
  Time    : 2026-02-24 15:46:00
  O: 272.1450  H: 272.1450  L: 272.0100  C: 272.0425  Vol: 34913

  INDICATORS
  SMA(20)  :   271.8981
  EMA(20)  :   271.8961
  RSI(14)  :      57.49
  MACD     :     0.0213  Signal: -0.0343  Hist: 0.0556
  VWAP     :   271.9325
  ATR(14)  :     0.1655

  SIGNAL
  Score    :  +6 / 11
  Decision :  BUY

  RISK MANAGEMENT
  Entry       : 272.0425
  Stop Loss   : 271.7943  (1.5x ATR below)
  Take Profit : 272.5389  (3.0x ATR above)
  Risk/Reward : 2.00x

========================================
  Time    : 2026-02-24 15:47:00
  O: 272.0400  H: 272.1600  L: 271.9900  C: 272.0950  Vol: 44631

  INDICATORS
  SMA(20)  :   271.8954
  EMA(20)  :   271.9110
  RSI(14)  :      59.25
  MACD     :     0.0332  Signal: -0.0232  Hist: 0.0564
  VWAP     :   271.9361
  ATR(14)  :     0.1680

  SIGNAL
  Score    :  +7 / 11
  Decision :  STRONG BUY

  RISK MANAGEMENT
  Entry       : 272.0950
  Stop Loss   : 271.8430  (1.5x ATR below)
  Take Profit : 272.5989  (3.0x ATR above)
  Risk/Reward : 2.00x

========================================
  Time    : 2026-02-24 15:48:00
  O: 272.1100  H: 272.1800  L: 272.0750  C: 272.1001  Vol: 40951

  INDICATORS
  SMA(20)  :   271.8974
  EMA(20)  :   271.9270
  RSI(14)  :      57.41
  MACD     :     0.0400  Signal: -0.0107  Hist: 0.0507
  VWAP     :   271.9400
  ATR(14)  :     0.1598

  SIGNAL
  Score    :  +7 / 11
  Decision :  STRONG BUY

  RISK MANAGEMENT
  Entry       : 272.1001
  Stop Loss   : 271.8605  (1.5x ATR below)
  Take Profit : 272.5794  (3.0x ATR above)
  Risk/Reward : 2.00x

========================================
  Time    : 2026-02-24 15:49:00
  O: 272.1200  H: 272.2000  L: 272.0108  C: 272.0108  Vol: 31249

  INDICATORS
  SMA(20)  :   271.9024
  EMA(20)  :   271.9331
  RSI(14)  :      52.57
  MACD     :     0.0415  Signal: 0.0016  Hist: 0.0399
  VWAP     :   271.9421
  ATR(14)  :     0.1640

  SIGNAL
  Score    :  +7 / 11
  Decision :  STRONG BUY

  RISK MANAGEMENT
  Entry       : 272.0108
  Stop Loss   : 271.7648  (1.5x ATR below)
  Take Profit : 272.5028  (3.0x ATR above)
  Risk/Reward : 2.00x

========================================
  Time    : 2026-02-24 15:50:00
  O: 272.0200  H: 272.4100  L: 272.0200  C: 272.2301  Vol: 98576

  INDICATORS
  SMA(20)  :   271.9169
  EMA(20)  :   271.9606
  RSI(14)  :      60.11
  MACD     :     0.0600  Signal: 0.0163  Hist: 0.0436
  VWAP     :   271.9555
  ATR(14)  :     0.1879

  SIGNAL
  Score    :  +6 / 11
  Decision :  BUY

  RISK MANAGEMENT
  Entry       : 272.2301
  Stop Loss   : 271.9483  (1.5x ATR below)
  Take Profit : 272.7937  (3.0x ATR above)
  Risk/Reward : 2.00x

========================================
  Time    : 2026-02-24 15:51:00
  O: 272.2600  H: 272.2900  L: 272.0900  C: 272.2800  Vol: 54097

  INDICATORS
  SMA(20)  :   271.9379
  EMA(20)  :   271.9906
  RSI(14)  :      72.25  <- OVERBOUGHT
  MACD     :     0.0789  Signal: 0.0321  Hist: 0.0468
  VWAP     :   271.9623
  ATR(14)  :     0.1850

  SIGNAL
  Score    :  +4 / 11
  Decision :  BUY

  RISK MANAGEMENT
  Entry       : 272.2800
  Stop Loss   : 272.0025  (1.5x ATR below)
  Take Profit : 272.8350  (3.0x ATR above)
  Risk/Reward : 2.00x

========================================
  Time    : 2026-02-24 15:52:00
  O: 272.2500  H: 272.2500  L: 272.0900  C: 272.2000  Vol: 69764

  INDICATORS
  SMA(20)  :   271.9549
  EMA(20)  :   272.0112
  RSI(14)  :      74.53  <- OVERBOUGHT
  MACD     :     0.0861  Signal: 0.0471  Hist: 0.0390
  VWAP     :   271.9693
  ATR(14)  :     0.1857

  SIGNAL
  Score    :  +4 / 11
  Decision :  BUY

  RISK MANAGEMENT
  Entry       : 272.2000
  Stop Loss   : 271.9214  (1.5x ATR below)
  Take Profit : 272.7572  (3.0x ATR above)
  Risk/Reward : 2.00x

========================================
  Time    : 2026-02-24 15:53:00
  O: 272.2000  H: 272.2000  L: 271.9700  C: 272.1250  Vol: 102813

  INDICATORS
  SMA(20)  :   271.9682
  EMA(20)  :   272.0236
  RSI(14)  :      72.25  <- OVERBOUGHT
  MACD     :     0.0863  Signal: 0.0581  Hist: 0.0282
  VWAP     :   271.9752
  ATR(14)  :     0.1943

  SIGNAL
  Score    :  +4 / 11
  Decision :  BUY

  RISK MANAGEMENT
  Entry       : 272.1250
  Stop Loss   : 271.8336  (1.5x ATR below)
  Take Profit : 272.7079  (3.0x ATR above)
  Risk/Reward : 2.00x

========================================
  Time    : 2026-02-24 15:54:00
  O: 272.1600  H: 272.3800  L: 272.1500  C: 272.3450  Vol: 109976

  INDICATORS
  SMA(20)  :   271.9894
  EMA(20)  :   272.0548
  RSI(14)  :      74.22  <- OVERBOUGHT
  MACD     :     0.1014  Signal: 0.0679  Hist: 0.0336
  VWAP     :   271.9898
  ATR(14)  :     0.2011

  SIGNAL
  Score    :  +4 / 11
  Decision :  BUY

  RISK MANAGEMENT
  Entry       : 272.3450
  Stop Loss   : 272.0434  (1.5x ATR below)
  Take Profit : 272.9483  (3.0x ATR above)
  Risk/Reward : 2.00x

========================================
  Time    : 2026-02-24 15:55:00
  O: 272.3100  H: 272.3800  L: 272.1500  C: 272.2800  Vol: 109345

  INDICATORS
  SMA(20)  :   272.0062
  EMA(20)  :   272.0771
  RSI(14)  :      68.23
  MACD     :     0.1069  Signal: 0.0773  Hist: 0.0296
  VWAP     :   272.0021
  ATR(14)  :     0.2011

  SIGNAL
  Score    :  +6 / 11
  Decision :  BUY

  RISK MANAGEMENT
  Entry       : 272.2800
  Stop Loss   : 271.9784  (1.5x ATR below)
  Take Profit : 272.8833  (3.0x ATR above)
  Risk/Reward : 2.00x

========================================
  Time    : 2026-02-24 15:56:00
  O: 272.2900  H: 272.3800  L: 272.2600  C: 272.3000  Vol: 120846

  INDICATORS
  SMA(20)  :   272.0247
  EMA(20)  :   272.0999
  RSI(14)  :      65.12
  MACD     :     0.1104  Signal: 0.0848  Hist: 0.0256
  VWAP     :   272.0165
  ATR(14)  :     0.1972

  SIGNAL
  Score    :  +6 / 11
  Decision :  BUY

  RISK MANAGEMENT
  Entry       : 272.3000
  Stop Loss   : 272.0043  (1.5x ATR below)
  Take Profit : 272.8915  (3.0x ATR above)
  Risk/Reward : 2.00x

========================================
  Time    : 2026-02-24 15:57:00
  O: 272.3100  H: 272.4299  L: 272.2300  C: 272.2800  Vol: 180207

  INDICATORS
  SMA(20)  :   272.0537
  EMA(20)  :   272.1211
  RSI(14)  :      62.25
  MACD     :     0.1093  Signal: 0.0899  Hist: 0.0194
  VWAP     :   272.0357
  ATR(14)  :     0.2014

  SIGNAL
  Score    :  +6 / 11
  Decision :  BUY

  RISK MANAGEMENT
  Entry       : 272.2800
  Stop Loss   : 271.9778  (1.5x ATR below)
  Take Profit : 272.8843  (3.0x ATR above)
  Risk/Reward : 2.00x

========================================
  Time    : 2026-02-24 15:58:00
  O: 272.2800  H: 272.3600  L: 272.2200  C: 272.2400  Vol: 227013

  INDICATORS
  SMA(20)  :   272.0867
  EMA(20)  :   272.1365
  RSI(14)  :      55.28
  MACD     :     0.1049  Signal: 0.0954  Hist: 0.0095
  VWAP     :   272.0536
  ATR(14)  :     0.1918

  SIGNAL
  Score    :  +7 / 11
  Decision :  STRONG BUY

  RISK MANAGEMENT
  Entry       : 272.2400
  Stop Loss   : 271.9523  (1.5x ATR below)
  Take Profit : 272.8155  (3.0x ATR above)
  Risk/Reward : 2.00x

